[GIN-debug] [WARNING] Creating an Engine instance with the Logger and Recovery middleware already attached.

[GIN-debug] [WARNING] Running in "debug" mode. Switch to "release" mode in production.
 - using env:	export GIN_MODE=release
 - using code:	gin.SetMode(gin.ReleaseMode)

[GIN-debug] Loaded HTML Templates (2): 
	- 
	- index.html

[GIN-debug] GET    /                         --> main.main.func1 (3 handlers)
[GIN-debug] POST   /add-task                 --> main.main.func2 (3 handlers)
[GIN-debug] POST   /delete-task              --> main.main.func3 (3 handlers)
[GIN-debug] [WARNING] You trusted all proxies, this is NOT safe. We recommend you to set a value.
Please check https://pkg.go.dev/github.com/gin-gonic/gin#readme-don-t-trust-all-proxies for details.
[GIN-debug] Listening and serving HTTP on localhost:8080
[GIN-debug] [ERROR] listen tcp 127.0.0.1:8080: bind: address already in use
[GIN-debug] [WARNING] Creating an Engine instance with the Logger and Recovery middleware already attached.

[GIN-debug] [WARNING] Running in "debug" mode. Switch to "release" mode in production.
 - using env:	export GIN_MODE=release
 - using code:	gin.SetMode(gin.ReleaseMode)

[GIN-debug] Loaded HTML Templates (2): 
	- index.html
	- 

[GIN-debug] GET    /                         --> main.main.func1 (3 handlers)
[GIN-debug] POST   /add-task                 --> main.main.func2 (3 handlers)
[GIN-debug] POST   /delete-task              --> main.main.func3 (3 handlers)
[GIN-debug] [WARNING] You trusted all proxies, this is NOT safe. We recommend you to set a value.
Please check https://pkg.go.dev/github.com/gin-gonic/gin#readme-don-t-trust-all-proxies for details.
[GIN-debug] Listening and serving HTTP on localhost:8080
[GIN-debug] [ERROR] listen tcp 127.0.0.1:8080: bind: address already in use
